<?xml version="1.0" encoding="UTF-8"?>
<!-- Generated by org.testng.reporters.JUnitReportReporter -->
<testsuite hostname="DESKTOP-TCIBJ34" failures="0" tests="1" name="tutorialninja.register.TC_RF_001" time="5.121" errors="0" timestamp="2025-04-22T15:49:53 IST" skipped="0">
  <testcase classname="tutorialninja.register.TC_RF_001" name="verifyRegisterWithMandatoryFields" time="5.121"/>
</testsuite> <!-- tutorialninja.register.TC_RF_001 -->
