<?xml version="1.0" encoding="UTF-8"?>
<!-- Generated by org.testng.reporters.JUnitReportReporter -->
<testsuite hostname="DESKTOP-TCIBJ34" failures="0" tests="1" name="tutorialninja.register.TC_RF_020" time="6.722" errors="0" timestamp="2025-04-03T15:50:43 IST" skipped="0">
  <testcase classname="tutorialninja.register.TC_RF_020" name="verifyRegisterAccountPrivacyOptionDefaultNotSelected" time="6.722"/>
</testsuite> <!-- tutorialninja.register.TC_RF_020 -->
