<?xml version="1.0" encoding="UTF-8"?>
<!-- Generated by org.testng.reporters.JUnitReportReporter -->
<testsuite hostname="DESKTOP-TCIBJ34" failures="0" tests="1" name="tutorialninja.register.TC_RF_005" time="6.024" errors="0" timestamp="2025-04-03T10:56:31 IST" skipped="0">
  <testcase classname="tutorialninja.register.TC_RF_005" name="verifyRegistringAccountBySubscribeNewsLetter" time="6.024"/>
</testsuite> <!-- tutorialninja.register.TC_RF_005 -->
