<?xml version="1.0" encoding="UTF-8"?>
<!-- Generated by org.testng.reporters.JUnitReportReporter -->
<testsuite hostname="DESKTOP-TCIBJ34" failures="0" tests="1" name="tutorialninja.register.TC_RF_012" time="24.951" errors="0" timestamp="2025-04-03T12:03:16 IST" skipped="0">
  <testcase classname="tutorialninja.register.TC_RF_012" name="verifyRigesteringAccountByUsingKeyBoardCommands" time="24.951"/>
</testsuite> <!-- tutorialninja.register.TC_RF_012 -->
