<?xml version="1.0" encoding="UTF-8"?>
<!-- Generated by org.testng.reporters.JUnitReportReporter -->
<testsuite hostname="DESKTOP-TCIBJ34" failures="0" tests="1" name="tutorialninja.register.TC_RF_004" time="4.414" errors="0" timestamp="2025-03-15T12:03:08 IST" skipped="0">
  <testcase classname="tutorialninja.register.TC_RF_004" name="verifyRegisteringAccountWithoutFillingFields" time="4.414"/>
</testsuite> <!-- tutorialninja.register.TC_RF_004 -->
