<?xml version="1.0" encoding="UTF-8"?>
<!-- Generated by org.testng.reporters.JUnitReportReporter -->
<testsuite hostname="DESKTOP-TCIBJ34" failures="0" tests="1" name="practice.verifyMultipleWindowsHandle" time="12.841" errors="0" timestamp="2025-03-29T18:25:31 IST" skipped="0">
  <testcase classname="practice.verifyMultipleWindowsHandle" name="verifyOmaYoWebSiteMultipleWindowsHandle" time="12.841"/>
</testsuite> <!-- practice.verifyMultipleWindowsHandle -->
