<?xml version="1.0" encoding="UTF-8"?>
<!-- Generated by org.testng.reporters.JUnitReportReporter -->
<testsuite hostname="DESKTOP-TCIBJ34" failures="0" tests="1" name="tutorialninja.register.TC_RF_021" time="3.804" errors="0" timestamp="2025-03-28T18:21:38 IST" skipped="0">
  <testcase classname="tutorialninja.register.TC_RF_021" name="verifyRegisteringAccountWithOutSelectingPrivacyPolicy" time="3.804"/>
</testsuite> <!-- tutorialninja.register.TC_RF_021 -->
