<?xml version="1.0" encoding="UTF-8"?>
<!-- Generated by org.testng.reporters.JUnitReportReporter -->
<testsuite hostname="DESKTOP-TCIBJ34" failures="0" tests="1" name="tutorialninja.register.TC_RF_005" time="5.158" errors="0" timestamp="2025-03-15T14:39:08 IST" skipped="0">
  <testcase classname="tutorialninja.register.TC_RF_005" name="verifyRegistringAccountBySubscribeNewsLetter" time="5.158"/>
</testsuite> <!-- tutorialninja.register.TC_RF_005 -->
