<?xml version="1.0" encoding="UTF-8"?>
<!-- Generated by org.testng.reporters.JUnitReportReporter -->
<testsuite hostname="DESKTOP-TCIBJ34" failures="0" tests="1" name="tutorialninja.register.TC_RF_003" time="6.762" errors="0" timestamp="2025-04-22T16:05:29 IST" skipped="0">
  <testcase classname="tutorialninja.register.TC_RF_003" name="verifyRegisterWithAllFields" time="6.762"/>
</testsuite> <!-- tutorialninja.register.TC_RF_003 -->
