<?xml version="1.0" encoding="UTF-8"?>
<!-- Generated by org.testng.reporters.JUnitReportReporter -->
<testsuite hostname="DESKTOP-TCIBJ34" failures="0" tests="1" name="tutorialninja.register.TC_RF_020" time="2.758" errors="0" timestamp="2025-03-28T18:10:29 IST" skipped="0">
  <testcase classname="tutorialninja.register.TC_RF_020" name="verifyRegisterAccountPrivacyOptionDefaultNotSelected" time="2.758"/>
</testsuite> <!-- tutorialninja.register.TC_RF_020 -->
