<?xml version="1.0" encoding="UTF-8"?>
<!-- Generated by org.testng.reporters.JUnitReportReporter -->
<testsuite hostname="DESKTOP-TCIBJ34" failures="0" tests="1" name="tutorialninja.register.TC_RF_001" time="8.174" errors="0" timestamp="2025-04-03T10:55:21 IST" skipped="0">
  <testcase classname="tutorialninja.register.TC_RF_001" name="verifyRegisterWithMandatoryFields" time="8.174"/>
</testsuite> <!-- tutorialninja.register.TC_RF_001 -->
