<?xml version="1.0" encoding="UTF-8"?>
<!-- Generated by org.testng.reporters.JUnitReportReporter -->
<testsuite hostname="DESKTOP-TCIBJ34" failures="0" tests="1" name="tutorialninja.register.TC_RF_010" time="6.933" errors="0" timestamp="2025-03-17T11:54:27 IST" skipped="0">
  <testcase classname="tutorialninja.register.TC_RF_010" name="verifyRegisteringAccountByProvidingInvalidEmail" time="6.933"/>
</testsuite> <!-- tutorialninja.register.TC_RF_010 -->
