<?xml version="1.0" encoding="UTF-8"?>
<!-- Generated by org.testng.reporters.JUnitReportReporter -->
<testsuite hostname="DESKTOP-TCIBJ34" failures="0" tests="1" name="tutorialninja.register.TC_RF_007" time="5.042" errors="0" timestamp="2025-03-16T10:41:51 IST" skipped="0">
  <testcase classname="tutorialninja.register.TC_RF_007" name="verifyRegisteringAccountNavigateToMultipleWays" time="5.042"/>
</testsuite> <!-- tutorialninja.register.TC_RF_007 -->
