<?xml version="1.0" encoding="UTF-8"?>
<!-- Generated by org.testng.reporters.JUnitReportReporter -->
<testsuite hostname="DESKTOP-TCIBJ34" failures="0" tests="1" name="tutorialninja.register.TC_RF_024" time="4.137" errors="0" timestamp="2025-03-29T12:17:41 IST" skipped="0">
  <testcase classname="tutorialninja.register.TC_RF_024" name="verifyRegisteringAccountWithoutEnteringPasswordIntoPasswordConfirmField" time="4.137"/>
</testsuite> <!-- tutorialninja.register.TC_RF_024 -->
