<?xml version="1.0" encoding="UTF-8"?>
<!-- Generated by org.testng.reporters.JUnitReportReporter -->
<testsuite hostname="DESKTOP-TCIBJ34" failures="0" tests="1" name="tutorialninja.register.TC_RF_025" time="2.420" errors="0" timestamp="2025-04-16T17:08:22 IST" skipped="0">
  <testcase classname="tutorialninja.register.TC_RF_025" name="verifyBreadcrumbURLHeadingTitleOfRegisterAccountPage" time="2.420"/>
</testsuite> <!-- tutorialninja.register.TC_RF_025 -->
