<?xml version="1.0" encoding="UTF-8"?>
<!-- Generated by org.testng.reporters.JUnitReportReporter -->
<testsuite hostname="DESKTOP-TCIBJ34" failures="0" tests="1" name="tutorialninja.register.TC_RF_027" time="8.362" errors="0" timestamp="2025-04-03T16:14:50 IST" skipped="0">
  <testcase classname="tutorialninja.register.TC_RF_027" name="verifyRegisteringAccountInDifferentTestEnvironments" time="8.362"/>
</testsuite> <!-- tutorialninja.register.TC_RF_027 -->
