<?xml version="1.0" encoding="UTF-8"?>
<!-- Generated by org.testng.reporters.JUnitReportReporter -->
<testsuite hostname="DESKTOP-TCIBJ34" failures="0" tests="1" name="tutorialninja.register.TC_RF_001" time="6.018" errors="0" timestamp="2025-03-15T11:08:35 IST" skipped="0">
  <testcase classname="tutorialninja.register.TC_RF_001" name="verifyRegisterWithMandatoryFields" time="6.018"/>
</testsuite> <!-- tutorialninja.register.TC_RF_001 -->
