<?xml version="1.0" encoding="UTF-8"?>
<!-- Generated by org.testng.reporters.JUnitReportReporter -->
<testsuite hostname="DESKTOP-TCIBJ34" failures="0" tests="1" name="tutorialninja.register.TC_RF_024" time="7.797" errors="0" timestamp="2025-04-03T16:01:40 IST" skipped="0">
  <testcase classname="tutorialninja.register.TC_RF_024" name="verifyRegisteringAccountWithoutEnteringPasswordIntoPasswordConfirmField" time="7.797"/>
</testsuite> <!-- tutorialninja.register.TC_RF_024 -->
