<?xml version="1.0" encoding="UTF-8"?>
<!-- Generated by org.testng.reporters.JUnitReportReporter -->
<testsuite hostname="DESKTOP-TCIBJ34" failures="0" tests="1" name="tutorialninja.register.TC_RF_003" time="3.817" errors="0" timestamp="2025-04-16T17:08:22 IST" skipped="0">
  <testcase classname="tutorialninja.register.TC_RF_003" name="verifyRegisterWithAllFields" time="3.817"/>
</testsuite> <!-- tutorialninja.register.TC_RF_003 -->
