<?xml version="1.0" encoding="UTF-8"?>
<!-- Generated by org.testng.reporters.JUnitReportReporter -->
<testsuite hostname="DESKTOP-TCIBJ34" failures="0" tests="1" name="tutorialninja.tests.Register" time="12.014" errors="0" timestamp="2025-04-26T10:11:14 IST" skipped="0">
  <testcase classname="tutorialninja.tests.Register" name="verifyRegistringAccountBySubscribeNewsLetter" time="12.014"/>
</testsuite> <!-- tutorialninja.tests.Register -->
