<?xml version="1.0" encoding="UTF-8"?>
<!-- Generated by org.testng.reporters.JUnitReportReporter -->
<testsuite hostname="DESKTOP-TCIBJ34" failures="0" tests="1" name="tutorialninja.register.TC_RF_006" time="5.525" errors="0" timestamp="2025-04-03T10:56:48 IST" skipped="0">
  <testcase classname="tutorialninja.register.TC_RF_006" name="verifyRegisteringAccountBySayinNoToNewsLetter" time="5.525"/>
</testsuite> <!-- tutorialninja.register.TC_RF_006 -->
