<?xml version="1.0" encoding="UTF-8"?>
<!-- Generated by org.testng.reporters.JUnitReportReporter -->
<testsuite hostname="DESKTOP-TCIBJ34" failures="0" tests="1" name="practice.verifyMultipleWindowsHandle" time="12.006" errors="0" timestamp="2025-04-21T14:24:25 IST" skipped="0">
  <testcase classname="practice.verifyMultipleWindowsHandle" name="verifyOmaYoWebSiteMultipleWindowsHandle" time="12.006"/>
</testsuite> <!-- practice.verifyMultipleWindowsHandle -->
